{"C:\\Users\\user\\Desktop\\final\\restaurant-and-customer-web-develop\\src\\services\\api.js": {"path":"C:\\Users\\user\\Desktop\\final\\restaurant-and-customer-web-develop\\src\\services\\api.js","statementMap":{"0":{"start":{"line":2,"column":25},"end":{"line":5,"column":3}},"1":{"start":{"line":4,"column":4},"end":{"line":4,"column":62}}},"fnMap":{"0":{"name":"(anonymous_0)","decl":{"start":{"line":2,"column":25},"end":{"line":2,"column":26}},"loc":{"start":{"line":2,"column":29},"end":{"line":5,"column":3}},"line":2}},"branchMap":{},"s":{"0":1,"1":0},"f":{"0":0},"b":{},"_coverageSchema":"43e27e138ebf9cfc5966b082cf9a028302ed4184","hash":"2fe471da51a27e3a2c2ac3a121495a7f10ab6a04"}
,"C:\\Users\\user\\Desktop\\final\\restaurant-and-customer-web-develop\\src\\services\\apiConfig.js": {"path":"C:\\Users\\user\\Desktop\\final\\restaurant-and-customer-web-develop\\src\\services\\apiConfig.js","statementMap":{"0":{"start":{"line":2,"column":31},"end":{"line":2,"column":98}},"1":{"start":{"line":4,"column":28},"end":{"line":14,"column":1}},"2":{"start":{"line":5,"column":22},"end":{"line":5,"column":73}},"3":{"start":{"line":6,"column":16},"end":{"line":6,"column":40}},"4":{"start":{"line":8,"column":2},"end":{"line":13,"column":5}}},"fnMap":{"0":{"name":"(anonymous_0)","decl":{"start":{"line":4,"column":28},"end":{"line":4,"column":29}},"loc":{"start":{"line":4,"column":32},"end":{"line":14,"column":1}},"line":4}},"branchMap":{},"s":{"0":1,"1":1,"2":1,"3":1,"4":0},"f":{"0":1},"b":{},"_coverageSchema":"43e27e138ebf9cfc5966b082cf9a028302ed4184","hash":"b06850ef473b3b3c97a9bf2198a262e7cf7763d6"}
,"C:\\Users\\user\\Desktop\\final\\restaurant-and-customer-web-develop\\src\\store\\modules\\restaurants-module.js": {"path":"C:\\Users\\user\\Desktop\\final\\restaurant-and-customer-web-develop\\src\\store\\modules\\restaurants-module.js","statementMap":{"0":{"start":{"line":5,"column":14},"end":{"line":13,"column":1}},"1":{"start":{"line":15,"column":16},"end":{"line":23,"column":1}},"2":{"start":{"line":16,"column":26},"end":{"line":16,"column":41}},"3":{"start":{"line":17,"column":21},"end":{"line":17,"column":32}},"4":{"start":{"line":18,"column":27},"end":{"line":18,"column":44}},"5":{"start":{"line":19,"column":22},"end":{"line":19,"column":34}},"6":{"start":{"line":20,"column":25},"end":{"line":20,"column":39}},"7":{"start":{"line":21,"column":29},"end":{"line":21,"column":47}},"8":{"start":{"line":22,"column":25},"end":{"line":22,"column":39}},"9":{"start":{"line":25,"column":16},"end":{"line":162,"column":1}},"10":{"start":{"line":28,"column":4},"end":{"line":48,"column":7}},"11":{"start":{"line":30,"column":6},"end":{"line":30,"column":40}},"12":{"start":{"line":31,"column":6},"end":{"line":31,"column":27}},"13":{"start":{"line":32,"column":6},"end":{"line":32,"column":40}},"14":{"start":{"line":35,"column":6},"end":{"line":46,"column":7}},"15":{"start":{"line":36,"column":8},"end":{"line":36,"column":56}},"16":{"start":{"line":38,"column":8},"end":{"line":38,"column":43}},"17":{"start":{"line":40,"column":13},"end":{"line":46,"column":7}},"18":{"start":{"line":41,"column":8},"end":{"line":41,"column":72}},"19":{"start":{"line":42,"column":8},"end":{"line":42,"column":35}},"20":{"start":{"line":44,"column":8},"end":{"line":44,"column":91}},"21":{"start":{"line":45,"column":8},"end":{"line":45,"column":44}},"22":{"start":{"line":51,"column":21},"end":{"line":51,"column":72}},"23":{"start":{"line":52,"column":4},"end":{"line":52,"column":37}},"24":{"start":{"line":55,"column":21},"end":{"line":55,"column":70}},"25":{"start":{"line":56,"column":4},"end":{"line":56,"column":40}},"26":{"start":{"line":59,"column":21},"end":{"line":59,"column":74}},"27":{"start":{"line":60,"column":4},"end":{"line":60,"column":44}},"28":{"start":{"line":63,"column":21},"end":{"line":63,"column":70}},"29":{"start":{"line":64,"column":4},"end":{"line":64,"column":40}},"30":{"start":{"line":71,"column":4},"end":{"line":90,"column":7}},"31":{"start":{"line":73,"column":6},"end":{"line":73,"column":47}},"32":{"start":{"line":74,"column":6},"end":{"line":74,"column":50}},"33":{"start":{"line":77,"column":6},"end":{"line":88,"column":7}},"34":{"start":{"line":78,"column":8},"end":{"line":78,"column":56}},"35":{"start":{"line":79,"column":8},"end":{"line":79,"column":41}},"36":{"start":{"line":80,"column":8},"end":{"line":80,"column":43}},"37":{"start":{"line":81,"column":8},"end":{"line":81,"column":44}},"38":{"start":{"line":82,"column":13},"end":{"line":88,"column":7}},"39":{"start":{"line":83,"column":8},"end":{"line":83,"column":72}},"40":{"start":{"line":84,"column":8},"end":{"line":84,"column":35}},"41":{"start":{"line":86,"column":8},"end":{"line":86,"column":91}},"42":{"start":{"line":87,"column":8},"end":{"line":87,"column":44}},"43":{"start":{"line":95,"column":20},"end":{"line":95,"column":34}},"44":{"start":{"line":96,"column":4},"end":{"line":115,"column":7}},"45":{"start":{"line":98,"column":6},"end":{"line":98,"column":48}},"46":{"start":{"line":99,"column":6},"end":{"line":99,"column":50}},"47":{"start":{"line":102,"column":6},"end":{"line":113,"column":7}},"48":{"start":{"line":103,"column":8},"end":{"line":103,"column":56}},"49":{"start":{"line":104,"column":8},"end":{"line":104,"column":41}},"50":{"start":{"line":105,"column":8},"end":{"line":105,"column":43}},"51":{"start":{"line":106,"column":8},"end":{"line":106,"column":44}},"52":{"start":{"line":107,"column":13},"end":{"line":113,"column":7}},"53":{"start":{"line":108,"column":8},"end":{"line":108,"column":72}},"54":{"start":{"line":109,"column":8},"end":{"line":109,"column":35}},"55":{"start":{"line":111,"column":8},"end":{"line":111,"column":91}},"56":{"start":{"line":112,"column":8},"end":{"line":112,"column":44}},"57":{"start":{"line":120,"column":20},"end":{"line":120,"column":34}},"58":{"start":{"line":121,"column":4},"end":{"line":121,"column":24}},"59":{"start":{"line":122,"column":4},"end":{"line":143,"column":7}},"60":{"start":{"line":126,"column":6},"end":{"line":126,"column":23}},"61":{"start":{"line":127,"column":6},"end":{"line":127,"column":46}},"62":{"start":{"line":130,"column":6},"end":{"line":141,"column":7}},"63":{"start":{"line":131,"column":8},"end":{"line":131,"column":56}},"64":{"start":{"line":132,"column":8},"end":{"line":132,"column":41}},"65":{"start":{"line":133,"column":8},"end":{"line":133,"column":43}},"66":{"start":{"line":134,"column":8},"end":{"line":134,"column":44}},"67":{"start":{"line":135,"column":13},"end":{"line":141,"column":7}},"68":{"start":{"line":136,"column":8},"end":{"line":136,"column":72}},"69":{"start":{"line":137,"column":8},"end":{"line":137,"column":35}},"70":{"start":{"line":139,"column":8},"end":{"line":139,"column":91}},"71":{"start":{"line":140,"column":8},"end":{"line":140,"column":44}},"72":{"start":{"line":146,"column":21},"end":{"line":146,"column":85}},"73":{"start":{"line":147,"column":4},"end":{"line":147,"column":43}},"74":{"start":{"line":150,"column":21},"end":{"line":150,"column":93}},"75":{"start":{"line":151,"column":4},"end":{"line":151,"column":47}},"76":{"start":{"line":154,"column":21},"end":{"line":154,"column":85}},"77":{"start":{"line":155,"column":4},"end":{"line":155,"column":43}},"78":{"start":{"line":158,"column":4},"end":{"line":158,"column":65}},"79":{"start":{"line":159,"column":4},"end":{"line":159,"column":34}},"80":{"start":{"line":164,"column":18},"end":{"line":187,"column":1}},"81":{"start":{"line":166,"column":4},"end":{"line":166,"column":35}},"82":{"start":{"line":169,"column":4},"end":{"line":169,"column":23}},"83":{"start":{"line":172,"column":4},"end":{"line":172,"column":25}},"84":{"start":{"line":175,"column":4},"end":{"line":175,"column":29}},"85":{"start":{"line":178,"column":4},"end":{"line":178,"column":37}},"86":{"start":{"line":181,"column":4},"end":{"line":181,"column":29}},"87":{"start":{"line":183,"column":43},"end":{"line":183,"column":80}},"88":{"start":{"line":184,"column":43},"end":{"line":184,"column":79}},"89":{"start":{"line":185,"column":51},"end":{"line":185,"column":95}},"90":{"start":{"line":186,"column":43},"end":{"line":186,"column":79}}},"fnMap":{"0":{"name":"(anonymous_0)","decl":{"start":{"line":16,"column":17},"end":{"line":16,"column":18}},"loc":{"start":{"line":16,"column":26},"end":{"line":16,"column":41}},"line":16},"1":{"name":"(anonymous_1)","decl":{"start":{"line":17,"column":12},"end":{"line":17,"column":13}},"loc":{"start":{"line":17,"column":21},"end":{"line":17,"column":32}},"line":17},"2":{"name":"(anonymous_2)","decl":{"start":{"line":18,"column":18},"end":{"line":18,"column":19}},"loc":{"start":{"line":18,"column":27},"end":{"line":18,"column":44}},"line":18},"3":{"name":"(anonymous_3)","decl":{"start":{"line":19,"column":13},"end":{"line":19,"column":14}},"loc":{"start":{"line":19,"column":22},"end":{"line":19,"column":34}},"line":19},"4":{"name":"(anonymous_4)","decl":{"start":{"line":20,"column":16},"end":{"line":20,"column":17}},"loc":{"start":{"line":20,"column":25},"end":{"line":20,"column":39}},"line":20},"5":{"name":"(anonymous_5)","decl":{"start":{"line":21,"column":20},"end":{"line":21,"column":21}},"loc":{"start":{"line":21,"column":29},"end":{"line":21,"column":47}},"line":21},"6":{"name":"(anonymous_6)","decl":{"start":{"line":22,"column":16},"end":{"line":22,"column":17}},"loc":{"start":{"line":22,"column":25},"end":{"line":22,"column":39}},"line":22},"7":{"name":"(anonymous_7)","decl":{"start":{"line":27,"column":2},"end":{"line":27,"column":3}},"loc":{"start":{"line":27,"column":38},"end":{"line":49,"column":3}},"line":27},"8":{"name":"(anonymous_8)","decl":{"start":{"line":29,"column":10},"end":{"line":29,"column":11}},"loc":{"start":{"line":29,"column":25},"end":{"line":33,"column":5}},"line":29},"9":{"name":"(anonymous_9)","decl":{"start":{"line":34,"column":11},"end":{"line":34,"column":12}},"loc":{"start":{"line":34,"column":28},"end":{"line":48,"column":5}},"line":34},"10":{"name":"(anonymous_10)","decl":{"start":{"line":50,"column":2},"end":{"line":50,"column":3}},"loc":{"start":{"line":50,"column":35},"end":{"line":53,"column":3}},"line":50},"11":{"name":"(anonymous_11)","decl":{"start":{"line":54,"column":2},"end":{"line":54,"column":3}},"loc":{"start":{"line":54,"column":35},"end":{"line":57,"column":3}},"line":54},"12":{"name":"(anonymous_12)","decl":{"start":{"line":58,"column":2},"end":{"line":58,"column":3}},"loc":{"start":{"line":58,"column":39},"end":{"line":61,"column":3}},"line":58},"13":{"name":"(anonymous_13)","decl":{"start":{"line":62,"column":2},"end":{"line":62,"column":3}},"loc":{"start":{"line":62,"column":35},"end":{"line":65,"column":3}},"line":62},"14":{"name":"(anonymous_14)","decl":{"start":{"line":68,"column":2},"end":{"line":68,"column":3}},"loc":{"start":{"line":68,"column":48},"end":{"line":91,"column":3}},"line":68},"15":{"name":"(anonymous_15)","decl":{"start":{"line":72,"column":10},"end":{"line":72,"column":11}},"loc":{"start":{"line":72,"column":30},"end":{"line":75,"column":5}},"line":72},"16":{"name":"(anonymous_16)","decl":{"start":{"line":76,"column":11},"end":{"line":76,"column":12}},"loc":{"start":{"line":76,"column":28},"end":{"line":90,"column":5}},"line":76},"17":{"name":"(anonymous_17)","decl":{"start":{"line":93,"column":2},"end":{"line":93,"column":3}},"loc":{"start":{"line":93,"column":40},"end":{"line":116,"column":3}},"line":93},"18":{"name":"(anonymous_18)","decl":{"start":{"line":97,"column":10},"end":{"line":97,"column":11}},"loc":{"start":{"line":97,"column":30},"end":{"line":100,"column":5}},"line":97},"19":{"name":"(anonymous_19)","decl":{"start":{"line":101,"column":11},"end":{"line":101,"column":12}},"loc":{"start":{"line":101,"column":28},"end":{"line":115,"column":5}},"line":101},"20":{"name":"(anonymous_20)","decl":{"start":{"line":119,"column":2},"end":{"line":119,"column":3}},"loc":{"start":{"line":119,"column":41},"end":{"line":144,"column":3}},"line":119},"21":{"name":"(anonymous_21)","decl":{"start":{"line":123,"column":10},"end":{"line":123,"column":11}},"loc":{"start":{"line":123,"column":30},"end":{"line":128,"column":5}},"line":123},"22":{"name":"(anonymous_22)","decl":{"start":{"line":129,"column":11},"end":{"line":129,"column":12}},"loc":{"start":{"line":129,"column":28},"end":{"line":143,"column":5}},"line":129},"23":{"name":"(anonymous_23)","decl":{"start":{"line":145,"column":2},"end":{"line":145,"column":3}},"loc":{"start":{"line":145,"column":47},"end":{"line":148,"column":3}},"line":145},"24":{"name":"(anonymous_24)","decl":{"start":{"line":149,"column":2},"end":{"line":149,"column":3}},"loc":{"start":{"line":149,"column":55},"end":{"line":152,"column":3}},"line":149},"25":{"name":"(anonymous_25)","decl":{"start":{"line":153,"column":2},"end":{"line":153,"column":3}},"loc":{"start":{"line":153,"column":47},"end":{"line":156,"column":3}},"line":153},"26":{"name":"(anonymous_26)","decl":{"start":{"line":157,"column":2},"end":{"line":157,"column":3}},"loc":{"start":{"line":157,"column":42},"end":{"line":160,"column":3}},"line":157},"27":{"name":"(anonymous_27)","decl":{"start":{"line":165,"column":18},"end":{"line":165,"column":19}},"loc":{"start":{"line":166,"column":4},"end":{"line":166,"column":35}},"line":166},"28":{"name":"(anonymous_28)","decl":{"start":{"line":168,"column":12},"end":{"line":168,"column":13}},"loc":{"start":{"line":169,"column":4},"end":{"line":169,"column":23}},"line":169},"29":{"name":"(anonymous_29)","decl":{"start":{"line":171,"column":13},"end":{"line":171,"column":14}},"loc":{"start":{"line":172,"column":4},"end":{"line":172,"column":25}},"line":172},"30":{"name":"(anonymous_30)","decl":{"start":{"line":174,"column":15},"end":{"line":174,"column":16}},"loc":{"start":{"line":175,"column":4},"end":{"line":175,"column":29}},"line":175},"31":{"name":"(anonymous_31)","decl":{"start":{"line":177,"column":19},"end":{"line":177,"column":20}},"loc":{"start":{"line":178,"column":4},"end":{"line":178,"column":37}},"line":178},"32":{"name":"(anonymous_32)","decl":{"start":{"line":180,"column":15},"end":{"line":180,"column":16}},"loc":{"start":{"line":181,"column":4},"end":{"line":181,"column":29}},"line":181},"33":{"name":"(anonymous_33)","decl":{"start":{"line":183,"column":20},"end":{"line":183,"column":21}},"loc":{"start":{"line":183,"column":43},"end":{"line":183,"column":80}},"line":183},"34":{"name":"(anonymous_34)","decl":{"start":{"line":184,"column":18},"end":{"line":184,"column":19}},"loc":{"start":{"line":184,"column":43},"end":{"line":184,"column":79}},"line":184},"35":{"name":"(anonymous_35)","decl":{"start":{"line":185,"column":22},"end":{"line":185,"column":23}},"loc":{"start":{"line":185,"column":51},"end":{"line":185,"column":95}},"line":185},"36":{"name":"(anonymous_36)","decl":{"start":{"line":186,"column":18},"end":{"line":186,"column":19}},"loc":{"start":{"line":186,"column":43},"end":{"line":186,"column":79}},"line":186}},"branchMap":{"0":{"loc":{"start":{"line":35,"column":6},"end":{"line":46,"column":7}},"type":"if","locations":[{"start":{"line":35,"column":6},"end":{"line":46,"column":7}},{"start":{"line":35,"column":6},"end":{"line":46,"column":7}}],"line":35},"1":{"loc":{"start":{"line":40,"column":13},"end":{"line":46,"column":7}},"type":"if","locations":[{"start":{"line":40,"column":13},"end":{"line":46,"column":7}},{"start":{"line":40,"column":13},"end":{"line":46,"column":7}}],"line":40},"2":{"loc":{"start":{"line":77,"column":6},"end":{"line":88,"column":7}},"type":"if","locations":[{"start":{"line":77,"column":6},"end":{"line":88,"column":7}},{"start":{"line":77,"column":6},"end":{"line":88,"column":7}}],"line":77},"3":{"loc":{"start":{"line":82,"column":13},"end":{"line":88,"column":7}},"type":"if","locations":[{"start":{"line":82,"column":13},"end":{"line":88,"column":7}},{"start":{"line":82,"column":13},"end":{"line":88,"column":7}}],"line":82},"4":{"loc":{"start":{"line":102,"column":6},"end":{"line":113,"column":7}},"type":"if","locations":[{"start":{"line":102,"column":6},"end":{"line":113,"column":7}},{"start":{"line":102,"column":6},"end":{"line":113,"column":7}}],"line":102},"5":{"loc":{"start":{"line":107,"column":13},"end":{"line":113,"column":7}},"type":"if","locations":[{"start":{"line":107,"column":13},"end":{"line":113,"column":7}},{"start":{"line":107,"column":13},"end":{"line":113,"column":7}}],"line":107},"6":{"loc":{"start":{"line":130,"column":6},"end":{"line":141,"column":7}},"type":"if","locations":[{"start":{"line":130,"column":6},"end":{"line":141,"column":7}},{"start":{"line":130,"column":6},"end":{"line":141,"column":7}}],"line":130},"7":{"loc":{"start":{"line":135,"column":13},"end":{"line":141,"column":7}},"type":"if","locations":[{"start":{"line":135,"column":13},"end":{"line":141,"column":7}},{"start":{"line":135,"column":13},"end":{"line":141,"column":7}}],"line":135}},"s":{"0":1,"1":1,"2":0,"3":0,"4":1,"5":0,"6":0,"7":0,"8":0,"9":1,"10":1,"11":1,"12":1,"13":1,"14":0,"15":0,"16":0,"17":0,"18":0,"19":0,"20":0,"21":0,"22":0,"23":0,"24":0,"25":0,"26":0,"27":0,"28":0,"29":0,"30":0,"31":0,"32":0,"33":0,"34":0,"35":0,"36":0,"37":0,"38":0,"39":0,"40":0,"41":0,"42":0,"43":0,"44":0,"45":0,"46":0,"47":0,"48":0,"49":0,"50":0,"51":0,"52":0,"53":0,"54":0,"55":0,"56":0,"57":0,"58":0,"59":0,"60":0,"61":0,"62":0,"63":0,"64":0,"65":0,"66":0,"67":0,"68":0,"69":0,"70":0,"71":0,"72":0,"73":0,"74":0,"75":0,"76":0,"77":0,"78":0,"79":0,"80":1,"81":1,"82":0,"83":0,"84":0,"85":0,"86":0,"87":0,"88":0,"89":0,"90":0},"f":{"0":0,"1":0,"2":1,"3":0,"4":0,"5":0,"6":0,"7":1,"8":1,"9":0,"10":0,"11":0,"12":0,"13":0,"14":0,"15":0,"16":0,"17":0,"18":0,"19":0,"20":0,"21":0,"22":0,"23":0,"24":0,"25":0,"26":0,"27":1,"28":0,"29":0,"30":0,"31":0,"32":0,"33":0,"34":0,"35":0,"36":0},"b":{"0":[0,0],"1":[0,0],"2":[0,0],"3":[0,0],"4":[0,0],"5":[0,0],"6":[0,0],"7":[0,0]},"_coverageSchema":"43e27e138ebf9cfc5966b082cf9a028302ed4184","hash":"a217798304ba762b60ee031e6f4d5225a569fb97"}
}
